SPRINGBOOT_SECURITY 22:18:54.693 INFO  org.hibernate.validator.internal.util.Version : - HV000001: Hibernate Validator 8.0.1.Final 
SPRINGBOOT_SECURITY 22:18:54.707 INFO  com.kt.edu.thirdproject.ThirdprojectApplication : - Starting ThirdprojectApplication using Java 17.0.9 with PID 27569 (/Users/baki/Downloads/springboot_crud_security_keycloak_new/target/classes started by baki in /Users/baki/Downloads/springboot_crud_security_keycloak_new) 
SPRINGBOOT_SECURITY 22:18:54.708 INFO  com.kt.edu.thirdproject.ThirdprojectApplication : - The following 1 profile is active: "prd" 
SPRINGBOOT_SECURITY 22:18:54.726 INFO  org.springframework.boot.devtools.env.DevToolsPropertyDefaultsPostProcessor : - Devtools property defaults active! Set 'spring.devtools.add-properties' to 'false' to disable 
SPRINGBOOT_SECURITY 22:18:54.726 INFO  org.springframework.boot.devtools.env.DevToolsPropertyDefaultsPostProcessor : - For additional web related logging consider setting the 'logging.level.web' property to 'DEBUG' 
SPRINGBOOT_SECURITY 22:18:55.172 INFO  org.springframework.data.repository.config.RepositoryConfigurationDelegate : - Bootstrapping Spring Data JDBC repositories in DEFAULT mode. 
SPRINGBOOT_SECURITY 22:18:55.191 INFO  org.springframework.data.repository.config.RepositoryConfigurationDelegate : - Finished Spring Data repository scanning in 17 ms. Found 1 JDBC repository interface. 
SPRINGBOOT_SECURITY 22:18:55.291 INFO  com.ulisesbocchio.jasyptspringboot.configuration.EnableEncryptablePropertiesBeanFactoryPostProcessor : - Post-processing PropertySource instances 
SPRINGBOOT_SECURITY 22:18:55.311 INFO  com.ulisesbocchio.jasyptspringboot.EncryptablePropertySourceConverter : - Converting PropertySource configurationProperties [org.springframework.boot.context.properties.source.ConfigurationPropertySourcesPropertySource] to AOP Proxy 
SPRINGBOOT_SECURITY 22:18:55.311 INFO  com.ulisesbocchio.jasyptspringboot.EncryptablePropertySourceConverter : - Converting PropertySource servletConfigInitParams [org.springframework.core.env.PropertySource$StubPropertySource] to EncryptablePropertySourceWrapper 
SPRINGBOOT_SECURITY 22:18:55.311 INFO  com.ulisesbocchio.jasyptspringboot.EncryptablePropertySourceConverter : - Converting PropertySource servletContextInitParams [org.springframework.core.env.PropertySource$StubPropertySource] to EncryptablePropertySourceWrapper 
SPRINGBOOT_SECURITY 22:18:55.311 INFO  com.ulisesbocchio.jasyptspringboot.EncryptablePropertySourceConverter : - Converting PropertySource systemProperties [org.springframework.core.env.PropertiesPropertySource] to EncryptableMapPropertySourceWrapper 
SPRINGBOOT_SECURITY 22:18:55.311 INFO  com.ulisesbocchio.jasyptspringboot.EncryptablePropertySourceConverter : - Converting PropertySource systemEnvironment [org.springframework.boot.env.SystemEnvironmentPropertySourceEnvironmentPostProcessor$OriginAwareSystemEnvironmentPropertySource] to EncryptableMapPropertySourceWrapper 
SPRINGBOOT_SECURITY 22:18:55.311 INFO  com.ulisesbocchio.jasyptspringboot.EncryptablePropertySourceConverter : - Converting PropertySource random [org.springframework.boot.env.RandomValuePropertySource] to EncryptablePropertySourceWrapper 
SPRINGBOOT_SECURITY 22:18:55.311 INFO  com.ulisesbocchio.jasyptspringboot.EncryptablePropertySourceConverter : - Converting PropertySource Config resource 'class path resource [application-prd.yml]' via location 'optional:classpath:/' [org.springframework.boot.env.OriginTrackedMapPropertySource] to EncryptableMapPropertySourceWrapper 
SPRINGBOOT_SECURITY 22:18:55.311 INFO  com.ulisesbocchio.jasyptspringboot.EncryptablePropertySourceConverter : - Converting PropertySource Config resource 'class path resource [application.yml]' via location 'optional:classpath:/' [org.springframework.boot.env.OriginTrackedMapPropertySource] to EncryptableMapPropertySourceWrapper 
SPRINGBOOT_SECURITY 22:18:55.311 INFO  com.ulisesbocchio.jasyptspringboot.EncryptablePropertySourceConverter : - Converting PropertySource devtools [org.springframework.core.env.MapPropertySource] to EncryptableMapPropertySourceWrapper 
SPRINGBOOT_SECURITY 22:18:55.323 INFO  com.ulisesbocchio.jasyptspringboot.filter.DefaultLazyPropertyFilter : - Property Filter custom Bean not found with name 'encryptablePropertyFilter'. Initializing Default Property Filter 
SPRINGBOOT_SECURITY 22:18:55.376 INFO  com.ulisesbocchio.jasyptspringboot.resolver.DefaultLazyPropertyResolver : - Property Resolver custom Bean not found with name 'encryptablePropertyResolver'. Initializing Default Property Resolver 
SPRINGBOOT_SECURITY 22:18:55.377 INFO  com.ulisesbocchio.jasyptspringboot.detector.DefaultLazyPropertyDetector : - Property Detector custom Bean not found with name 'encryptablePropertyDetector'. Initializing Default Property Detector 
SPRINGBOOT_SECURITY 22:18:55.474 INFO  org.springframework.boot.web.embedded.tomcat.TomcatWebServer : - Tomcat initialized with port 9080 (http) 
SPRINGBOOT_SECURITY 22:18:55.479 INFO  org.apache.coyote.http11.Http11NioProtocol : - Initializing ProtocolHandler ["http-nio-9080"] 
SPRINGBOOT_SECURITY 22:18:55.480 INFO  org.apache.catalina.core.StandardService : - Starting service [Tomcat] 
SPRINGBOOT_SECURITY 22:18:55.480 INFO  org.apache.catalina.core.StandardEngine : - Starting Servlet engine: [Apache Tomcat/10.1.17] 
SPRINGBOOT_SECURITY 22:18:55.502 INFO  org.apache.catalina.core.ContainerBase.[Tomcat].[localhost].[/] : - Initializing Spring embedded WebApplicationContext 
SPRINGBOOT_SECURITY 22:18:55.503 INFO  org.springframework.boot.web.servlet.context.ServletWebServerApplicationContext : - Root WebApplicationContext: initialization completed in 777 ms 
SPRINGBOOT_SECURITY 22:18:55.551 INFO  com.zaxxer.hikari.HikariDataSource : - HikariPool-1 - Starting... 
SPRINGBOOT_SECURITY 22:18:55.657 INFO  com.zaxxer.hikari.pool.HikariPool : - HikariPool-1 - Added connection org.mariadb.jdbc.Connection@60d80532 
SPRINGBOOT_SECURITY 22:18:55.658 INFO  com.zaxxer.hikari.HikariDataSource : - HikariPool-1 - Start completed. 
SPRINGBOOT_SECURITY 22:18:55.663 INFO  org.springframework.boot.autoconfigure.h2.H2ConsoleAutoConfiguration : - H2 console available at '/h2-console'. Database available at 'jdbc:mariadb://211.43.12.210:40001/admin?user=admin&password=***' 
SPRINGBOOT_SECURITY 22:18:55.694 INFO  com.kt.edu.thirdproject.common.filter.LogFilter : - LogFilter init() 
SPRINGBOOT_SECURITY 22:18:55.810 INFO  org.springframework.boot.devtools.autoconfigure.OptionalLiveReloadServer : - LiveReload server is running on port 35729 
SPRINGBOOT_SECURITY 22:18:55.951 INFO  org.springframework.boot.actuate.endpoint.web.EndpointLinksResolver : - Exposing 6 endpoint(s) beneath base path '/actuator' 
SPRINGBOOT_SECURITY 22:18:56.127 INFO  org.springframework.security.web.DefaultSecurityFilterChain : - Will secure any request with [org.springframework.security.web.session.DisableEncodeUrlFilter@55d43d5, org.springframework.security.web.context.request.async.WebAsyncManagerIntegrationFilter@3c622899, org.springframework.security.web.context.SecurityContextHolderFilter@596893d9, org.springframework.security.web.header.HeaderWriterFilter@759f6851, org.springframework.web.filter.CorsFilter@544c462b, org.springframework.security.web.authentication.logout.LogoutFilter@357f4431, org.springframework.security.web.authentication.UsernamePasswordAuthenticationFilter@63ad60e0, org.springframework.security.web.authentication.ui.DefaultLoginPageGeneratingFilter@27fbad08, org.springframework.security.web.authentication.ui.DefaultLogoutPageGeneratingFilter@28d5aa21, org.springframework.security.oauth2.server.resource.web.authentication.BearerTokenAuthenticationFilter@39fa2791, org.springframework.security.web.savedrequest.RequestCacheAwareFilter@6a985a29, org.springframework.security.web.servletapi.SecurityContextHolderAwareRequestFilter@35dedcf0, org.springframework.security.web.authentication.AnonymousAuthenticationFilter@47790705, org.springframework.security.web.session.SessionManagementFilter@5475e5d3, org.springframework.security.web.access.ExceptionTranslationFilter@b4a676d, org.springframework.security.web.access.intercept.AuthorizationFilter@5ea60aa5] 
SPRINGBOOT_SECURITY 22:18:56.260 INFO  org.springframework.boot.web.embedded.tomcat.TomcatWebServer : - Tomcat started on port 9080 (http) with context path '' 
SPRINGBOOT_SECURITY 22:18:56.270 INFO  com.kt.edu.thirdproject.ThirdprojectApplication : - Started ThirdprojectApplication in 1.713 seconds (process running for 2.08) 
SPRINGBOOT_SECURITY 22:18:56.277 INFO  com.zaxxer.hikari.HikariDataSource : - HikariPool-1 - Shutdown initiated... 
SPRINGBOOT_SECURITY 22:18:56.313 INFO  com.zaxxer.hikari.HikariDataSource : - HikariPool-1 - Shutdown completed. 
SPRINGBOOT_SECURITY 22:18:56.314 INFO  com.kt.edu.thirdproject.common.filter.LogFilter : - LogFilter destroy() 
